Request method:	GET
Request URI:	https://postman-echo.com/get
Proxy:			<none>
Request params:	<none>
Query params:	<none>
Form params:	<none>
Path params:	<none>
Headers:		Accept=*/*
Cookies:		<none>
Multiparts:		<none>
Body:			<none>
HTTP/1.1 200 OK
Date: Tue, 12 Dec 2023 07:23:14 GMT
Content-Type: application/json; charset=utf-8
Content-Length: 362
Connection: keep-alive
ETag: W/"16a-cyeCflXmY0GLEt+JmGY8+MQWW6Y"
set-cookie: sails.sid=s%3A3gkRpsdkHJ4ha63gQlMDtaiVqoe_hk9N.0OyP71qWGQ%2FcXuouKr9Kh%2BBtVIdf9d3wb6yamPuPV9M; Path=/; HttpOnly

{
    "args": {
        
    },
    "headers": {
        "x-forwarded-proto": "https",
        "x-forwarded-port": "443",
        "host": "postman-echo.com",
        "x-amzn-trace-id": "Root=1-65780a62-0a194779216ae5584495572f",
        "accept": "*/*",
        "user-agent": "Apache-HttpClient/4.5.13 (Java/17.0.8.1)",
        "accept-encoding": "gzip,deflate"
    },
    "url": "https://postman-echo.com/get"
}
